Creating Vulkan context
Creating instance... handle is 0x5e925b18e3b0
Getting a Physical Device... found 0x5e925b2c6990
Creating device... handle is 0x5e925b2f7f50
Getting a queue... got queue 0x5e925b2c5be0
Creating command pool... handle is 0xfd5b260000000001
Creating command buffer... handle is 0x5e925b3439e0
Creating descriptor pool... handle is 0xfab64d0000000002
Creating shader
Building shader context
Creating shader module
Created buffer 0xead9370000000008 for binding 0
Allocated memory 0xee647e0000000009 for buffer 0xead9370000000008
Binding buffer 0xead9370000000008 to memory 0xee647e0000000009
Created buffer 0xcfef35000000000a for binding 1
Allocated memory 0xec4bec000000000b for buffer 0xcfef35000000000a
Binding buffer 0xcfef35000000000a to memory 0xec4bec000000000b
Created buffer 0xe88693000000000c for binding 2
Allocated memory 0xcad092000000000d for buffer 0xe88693000000000c
Binding buffer 0xe88693000000000c to memory 0xcad092000000000d
Writing inputs to shader
Mapping memory 0xee647e0000000009
Unmapping memory 0xee647e0000000009
Mapping memory 0xec4bec000000000b
Unmapping memory 0xec4bec000000000b
Running shader
Reading results from shader
Mapping memory 0xcad092000000000d
Unmapping memory 0xcad092000000000d
Destroying shader context
Destroying buffers
Destroying buffer 0xead9370000000008 and freeing memory 0xee647e0000000009
Destroying buffer 0xcfef35000000000a and freeing memory 0xec4bec000000000b
Destroying buffer 0xe88693000000000c and freeing memory 0xcad092000000000d
Destroying pipeline
Destroying pipeline layout
Freeing descriptor sets
Destroying descriptor set layouts
Destroying shader module
Multiplied matrices: 
|      1      1  |
|      2      2  |
|      3      3  |
and
|      1      1      1  |
|      2      2      2  |
to get
|      3      3      3  |
|      6      6      6  |
|      9      9      9  |
Destroying VkCtx
Destroying descriptor pool 0xfab64d0000000002
Destroying command buffers 0x5e925b3439e0
Destroying command pool 0xfd5b260000000001
Destroying device 0x5e925b2f7f50
Destroying instance
free(): invalid next size (fast)
Aborted (core dumped)
